<W>2020-05-05 10:55:43.523 SSL: OpenSSL version is 'OpenSSL 1.0.2k  26 Jan 2017'
<W>2020-05-05 10:55:43.531 Initializing settings from /root/Downloads/murmur-static_x86-1.3.0/murmur.ini (basepath /root/Downloads/murmur-static_x86-1.3.0)
<W>2020-05-05 10:55:43.601 MetaParams: TLS cipher preference is "ECDHE-RSA-AES256-GCM-SHA384:ECDHE-ECDSA-AES256-GCM-SHA384:ECDHE-RSA-AES128-GCM-SHA256:ECDHE-ECDSA-AES128-GCM-SHA256:DHE-RSA-AES256-GCM-SHA384:DHE-RSA-AES128-GCM-SHA256:DHE-RSA-AES256-SHA:DHE-RSA-AES128-SHA:AES256-SHA:AES128-SHA"
<C>2020-05-05 10:55:43.601 WARNING: You are running murmurd as root, without setting a uname in the ini file. This might be a security risk.
<W>2020-05-05 10:55:43.750 ServerDB: Opened SQLite database /root/Downloads/murmur-static_x86-1.3.0/murmur.sqlite
<W>2020-05-05 10:55:43.750 ServerDB: Using SQLite's default rollback journal.
<W>2020-05-05 10:55:44.628 Performed initial PBKDF2 benchmark. Will use 8000 iterations as default
<W>2020-05-05 10:55:44.629 Generating new tables...
<W>2020-05-05 10:55:44.710 Resource limits were 0 0
<W>2020-05-05 10:55:44.710 Successfully dropped capabilities
<W>2020-05-05 10:55:44.712 MurmurIce: Endpoint "tcp -h 127.0.0.1 -p 6502" running
<W>2020-05-05 10:55:44.744 Murmur 1.3.0 (1.3.0) running on X11: Kali GNU/Linux Rolling: Booting servers
<W>2020-05-05 10:55:44.911 1 => Password for 'SuperUser' set to 'cVLCLisPSneN'
<W>2020-05-05 10:55:45.258 1 => Server listening on 0.0.0.0:64738
<W>2020-05-05 10:55:45.384 1 => Generating new server certificate.
<W>2020-05-05 10:55:45.703 1 => Announcing server via bonjour
<W>2020-05-05 10:55:45.771 1 => Not registering server as public
<W>2020-05-05 10:56:30.290 SSL: OpenSSL version is 'OpenSSL 1.0.2k  26 Jan 2017'
<W>2020-05-05 10:56:30.290 Initializing settings from /root/Downloads/murmur-static_x86-1.3.0/murmur.ini (basepath /root/Downloads/murmur-static_x86-1.3.0)
<W>2020-05-05 10:56:30.344 MetaParams: TLS cipher preference is "ECDHE-RSA-AES256-GCM-SHA384:ECDHE-ECDSA-AES256-GCM-SHA384:ECDHE-RSA-AES128-GCM-SHA256:ECDHE-ECDSA-AES128-GCM-SHA256:DHE-RSA-AES256-GCM-SHA384:DHE-RSA-AES128-GCM-SHA256:DHE-RSA-AES256-SHA:DHE-RSA-AES128-SHA:AES256-SHA:AES128-SHA"
<C>2020-05-05 10:56:30.344 WARNING: You are running murmurd as root, without setting a uname in the ini file. This might be a security risk.
<W>2020-05-05 10:56:30.373 ServerDB: Opened SQLite database /root/Downloads/murmur-static_x86-1.3.0/murmur.sqlite
<W>2020-05-05 10:56:30.373 ServerDB: Using SQLite's default rollback journal.
<W>2020-05-05 10:56:30.374 Resource limits were 0 0
<W>2020-05-05 10:56:30.374 Successfully dropped capabilities
<C>2020-05-05 10:56:30.375 MurmurIce: Initialization failed: Ice::SocketException
<W>2020-05-05 10:56:30.402 Murmur 1.3.0 (1.3.0) running on X11: Kali GNU/Linux Rolling: Booting servers
<W>2020-05-05 10:56:30.465 1 => Server: TCP Listen on 0.0.0.0:64738 failed: The bound address is already in use
<W>2020-05-05 10:56:30.533 1 => Stopped
<W>2020-05-05 10:57:27.914 SSL: OpenSSL version is 'OpenSSL 1.0.2k  26 Jan 2017'
<W>2020-05-05 10:57:27.914 Initializing settings from /root/Downloads/murmur-static_x86-1.3.0/murmur.ini (basepath /root/Downloads/murmur-static_x86-1.3.0)
<W>2020-05-05 10:57:27.968 MetaParams: TLS cipher preference is "ECDHE-RSA-AES256-GCM-SHA384:ECDHE-ECDSA-AES256-GCM-SHA384:ECDHE-RSA-AES128-GCM-SHA256:ECDHE-ECDSA-AES128-GCM-SHA256:DHE-RSA-AES256-GCM-SHA384:DHE-RSA-AES128-GCM-SHA256:DHE-RSA-AES256-SHA:DHE-RSA-AES128-SHA:AES256-SHA:AES128-SHA"
<C>2020-05-05 10:57:27.968 WARNING: You are running murmurd as root, without setting a uname in the ini file. This might be a security risk.
<W>2020-05-05 10:57:27.997 ServerDB: Opened SQLite database /root/Downloads/murmur-static_x86-1.3.0/murmur.sqlite
<W>2020-05-05 10:57:27.997 ServerDB: Using SQLite's default rollback journal.
<W>2020-05-05 10:57:27.998 Resource limits were 0 0
<W>2020-05-05 10:57:27.998 Successfully dropped capabilities
<C>2020-05-05 10:57:27.999 MurmurIce: Initialization failed: Ice::SocketException
<W>2020-05-05 10:57:28.027 Murmur 1.3.0 (1.3.0) running on X11: Kali GNU/Linux Rolling: Booting servers
<W>2020-05-05 10:57:28.097 1 => Server: TCP Listen on 0.0.0.0:64738 failed: The bound address is already in use
<W>2020-05-05 10:57:28.164 1 => Stopped
<W>2020-05-05 11:26:57.948 1 => <1:(-1)> New connection: [0::1]:37382
<W>2020-05-05 11:26:58.032 1 => <1:(-1)> Connection closed: Error during SSL handshake: error:1407609C:SSL routines:SSL23_GET_CLIENT_HELLO:http request [13]
<W>2020-05-05 11:26:58.125 1 => <2:(-1)> New connection: [0::1]:37384
<W>2020-05-05 11:26:58.225 1 => <2:(-1)> Connection closed: Error during SSL handshake: error:1407609C:SSL routines:SSL23_GET_CLIENT_HELLO:http request [13]
<W>2020-05-05 11:26:58.326 1 => <3:(-1)> New connection: [0::1]:37386
<W>2020-05-05 11:26:58.436 1 => <3:(-1)> Connection closed: Error during SSL handshake: error:1407609C:SSL routines:SSL23_GET_CLIENT_HELLO:http request [13]
<W>2020-05-05 11:26:58.528 1 => <4:(-1)> New connection: [0::1]:37388
<W>2020-05-05 11:26:58.620 1 => <4:(-1)> Connection closed: Error during SSL handshake: error:1407609C:SSL routines:SSL23_GET_CLIENT_HELLO:http request [13]
<W>2020-05-05 11:26:58.714 1 => <5:(-1)> New connection: [0::1]:37390
<W>2020-05-05 11:26:58.798 1 => <5:(-1)> Connection closed: Error during SSL handshake: error:1407609C:SSL routines:SSL23_GET_CLIENT_HELLO:http request [13]
<W>2020-05-05 11:26:58.882 1 => <6:(-1)> New connection: [0::1]:37392
<W>2020-05-05 11:26:58.974 1 => <6:(-1)> Connection closed: Error during SSL handshake: error:1407609C:SSL routines:SSL23_GET_CLIENT_HELLO:http request [13]
<W>2020-05-05 11:26:59.067 1 => <7:(-1)> New connection: [0::1]:37394
<W>2020-05-05 11:26:59.168 1 => <7:(-1)> Connection closed: Error during SSL handshake: error:1407609C:SSL routines:SSL23_GET_CLIENT_HELLO:http request [13]
<W>2020-05-05 11:26:59.268 1 => <8:(-1)> New connection: [0::1]:37396
<W>2020-05-05 11:26:59.377 1 => <8:(-1)> Connection closed: Error during SSL handshake: error:1407609C:SSL routines:SSL23_GET_CLIENT_HELLO:http request [13]
<W>2020-05-05 11:26:59.478 1 => <9:(-1)> New connection: [0::1]:37398
<W>2020-05-05 11:26:59.587 1 => <9:(-1)> Connection closed: Error during SSL handshake: error:1407609C:SSL routines:SSL23_GET_CLIENT_HELLO:http request [13]
<W>2020-05-05 11:26:59.729 1 => <10:(-1)> New connection: [0::1]:37400
<W>2020-05-05 11:26:59.830 1 => <10:(-1)> Connection closed: Error during SSL handshake: error:1407609C:SSL routines:SSL23_GET_CLIENT_HELLO:http request [13]
<W>2020-05-05 11:27:20.843 1 => Ignoring connection: [0::1]:37406 (Global ban)
<W>2020-05-05 11:27:20.936 1 => Ignoring connection: [0::1]:37408 (Global ban)
<W>2020-05-05 11:27:21.020 1 => Ignoring connection: [0::1]:37410 (Global ban)
<W>2020-05-05 11:27:21.104 1 => Ignoring connection: [0::1]:37412 (Global ban)
<W>2020-05-05 11:27:21.205 1 => Ignoring connection: [0::1]:37414 (Global ban)
<W>2020-05-05 11:27:21.314 1 => Ignoring connection: [0::1]:37416 (Global ban)
<W>2020-05-05 11:27:21.415 1 => Ignoring connection: [0::1]:37418 (Global ban)
<W>2020-05-05 11:27:21.516 1 => Ignoring connection: [0::1]:37420 (Global ban)
<W>2020-05-05 11:27:21.617 1 => Ignoring connection: [0::1]:37422 (Global ban)
<W>2020-05-05 11:27:21.718 1 => Ignoring connection: [0::1]:37424 (Global ban)
<W>2020-05-05 11:27:23.970 1 => Ignoring connection: [0::1]:37426 (Global ban)
<W>2020-05-05 11:27:24.054 1 => Ignoring connection: [0::1]:37428 (Global ban)
<W>2020-05-05 11:27:24.121 1 => Ignoring connection: [0::1]:37430 (Global ban)
<W>2020-05-05 11:27:24.197 1 => Ignoring connection: [0::1]:37432 (Global ban)
<W>2020-05-05 11:27:24.289 1 => Ignoring connection: [0::1]:37434 (Global ban)
<W>2020-05-05 11:27:24.374 1 => Ignoring connection: [0::1]:37436 (Global ban)
<W>2020-05-05 11:27:24.466 1 => Ignoring connection: [0::1]:37438 (Global ban)
<W>2020-05-05 11:27:24.559 1 => Ignoring connection: [0::1]:37440 (Global ban)
<W>2020-05-05 11:27:24.652 1 => Ignoring connection: [0::1]:37442 (Global ban)
<W>2020-05-05 11:27:24.736 1 => Ignoring connection: [0::1]:37444 (Global ban)
<C>2020-05-05 14:57:16.131 Caught SIGTERM, exiting
<W>2020-05-05 14:57:16.132 Killing running servers
<W>2020-05-05 14:57:16.132 Shutting down
<W>2020-05-05 14:57:16.132 MurmurIce: Shutdown complete
<W>2020-05-06 13:22:53.352 SSL: OpenSSL version is 'OpenSSL 1.0.2k  26 Jan 2017'
<W>2020-05-06 13:22:53.352 Initializing settings from /root/lolchat/murmur-static_x86-1.3.0/murmur.ini (basepath /root/lolchat/murmur-static_x86-1.3.0)
<W>2020-05-06 13:22:53.410 MetaParams: TLS cipher preference is "ECDHE-RSA-AES256-GCM-SHA384:ECDHE-ECDSA-AES256-GCM-SHA384:ECDHE-RSA-AES128-GCM-SHA256:ECDHE-ECDSA-AES128-GCM-SHA256:DHE-RSA-AES256-GCM-SHA384:DHE-RSA-AES128-GCM-SHA256:DHE-RSA-AES256-SHA:DHE-RSA-AES128-SHA:AES256-SHA:AES128-SHA"
<C>2020-05-06 13:22:53.410 WARNING: You are running murmurd as root, without setting a uname in the ini file. This might be a security risk.
<W>2020-05-06 13:22:53.451 ServerDB: Opened SQLite database /root/lolchat/murmur-static_x86-1.3.0/murmur.sqlite
<W>2020-05-06 13:22:53.451 ServerDB: Using SQLite's default rollback journal.
<W>2020-05-06 13:22:53.452 Resource limits were 0 0
<W>2020-05-06 13:22:53.452 Successfully dropped capabilities
<C>2020-05-06 13:22:53.479 MurmurIce: Initialization failed: Ice::SocketException
<W>2020-05-06 13:22:53.554 Murmur 1.3.0 (1.3.0) running on X11: Kali GNU/Linux Rolling: Booting servers
<W>2020-05-06 13:22:53.684 1 => Server: TCP Listen on 0.0.0.0:64738 failed: The bound address is already in use
<W>2020-05-06 13:22:53.794 1 => Stopped
<W>2020-05-06 13:23:04.280 SSL: OpenSSL version is 'OpenSSL 1.0.2k  26 Jan 2017'
<W>2020-05-06 13:23:04.281 Initializing settings from /root/lolchat/murmur-static_x86-1.3.0/murmur.ini (basepath /root/lolchat/murmur-static_x86-1.3.0)
<W>2020-05-06 13:23:04.337 MetaParams: TLS cipher preference is "ECDHE-RSA-AES256-GCM-SHA384:ECDHE-ECDSA-AES256-GCM-SHA384:ECDHE-RSA-AES128-GCM-SHA256:ECDHE-ECDSA-AES128-GCM-SHA256:DHE-RSA-AES256-GCM-SHA384:DHE-RSA-AES128-GCM-SHA256:DHE-RSA-AES256-SHA:DHE-RSA-AES128-SHA:AES256-SHA:AES128-SHA"
<C>2020-05-06 13:23:04.338 WARNING: You are running murmurd as root, without setting a uname in the ini file. This might be a security risk.
<W>2020-05-06 13:23:04.368 ServerDB: Opened SQLite database /root/lolchat/murmur-static_x86-1.3.0/murmur.sqlite
<W>2020-05-06 13:23:04.368 ServerDB: Using SQLite's default rollback journal.
<W>2020-05-06 13:23:04.369 Resource limits were 0 0
<W>2020-05-06 13:23:04.369 Successfully dropped capabilities
<C>2020-05-06 13:23:04.370 MurmurIce: Initialization failed: Ice::SocketException
<W>2020-05-06 13:23:04.398 Murmur 1.3.0 (1.3.0) running on X11: Kali GNU/Linux Rolling: Booting servers
<W>2020-05-06 13:23:04.495 1 => Server: TCP Listen on 0.0.0.0:64738 failed: The bound address is already in use
<W>2020-05-06 13:23:04.589 1 => Stopped
<C>2020-05-06 20:08:49.546 Caught SIGTERM, exiting
<W>2020-05-06 20:08:49.572 Killing running servers
<W>2020-05-06 20:08:49.572 Shutting down
<W>2020-05-06 20:08:49.573 MurmurIce: Shutdown complete
